app/build/outputs/logs/manifest-merger-debug-report.txt
-- Merging decision tree log ---
manifest
ADDED from src\main\AndroidManifest.xml:22:1-154:12
	package
		ADDED from src\main\AndroidManifest.xml:24:5-42
		INJECTED from src\main\AndroidManifest.xml
		INJECTED from src\main\AndroidManifest.xml
	xmlns:tools
		ADDED from src\main\AndroidManifest.xml:23:5-51
	xmlns:android
		ADDED from src\main\AndroidManifest.xml:22:11-69
uses-sdk
ADDED from src\main\AndroidManifest.xml:26:5-44
	android:targetSdkVersion
		INJECTED from src\main\AndroidManifest.xml
		INJECTED from src\main\AndroidManifest.xml
	android:minSdkVersion
		ADDED from src\main\AndroidManifest.xml:26:15-41
		INJECTED from src\main\AndroidManifest.xml
		INJECTED from src\main\AndroidManifest.xml
application
ADDED from src\main\AndroidManifest.xml:28:5-146:19
	android:label
		ADDED from src\main\AndroidManifest.xml:29:9-41
	android:icon
		ADDED from src\main\AndroidManifest.xml:28:18-52
provider#com.example.android.notepad.NotePadProvider
ADDED from src\main\AndroidManifest.xml:31:9-35:20
	android:authorities
		ADDED from src\main\AndroidManifest.xml:32:13-62
	android:exported
		ADDED from src\main\AndroidManifest.xml:33:13-37
	android:name
		ADDED from src\main\AndroidManifest.xml:31:19-49
grant-uri-permission
ADDED from src\main\AndroidManifest.xml:34:13-62
	android:pathPattern
		ADDED from src\main\AndroidManifest.xml:34:35-59
activity#com.example.android.notepad.NotesList
ADDED from src\main\AndroidManifest.xml:37:9-55:20
	android:label
		ADDED from src\main\AndroidManifest.xml:37:44-84
	android:theme
		ADDED from src\main\AndroidManifest.xml:37:85-132
	android:name
		ADDED from src\main\AndroidManifest.xml:37:19-43
intent-filter#android.intent.action.MAIN+android.intent.category.LAUNCHER
ADDED from src\main\AndroidManifest.xml:38:13-41:29
action#android.intent.action.MAIN
ADDED from src\main\AndroidManifest.xml:39:17-69
	android:name
		ADDED from src\main\AndroidManifest.xml:39:25-66
category#android.intent.category.LAUNCHER
ADDED from src\main\AndroidManifest.xml:40:17-77
	android:name
		ADDED from src\main\AndroidManifest.xml:40:27-74
intent-filter#android.intent.action.EDIT+android.intent.action.PICK+android.intent.action.VIEW+android.intent.category.DEFAULT
ADDED from src\main\AndroidManifest.xml:42:13-49:29
	android:scheme
		ADDED from src\main\AndroidManifest.xml:42:28-49
	tools:ignore
		ADDED from src\main\AndroidManifest.xml:43:17-47
action#android.intent.action.VIEW
ADDED from src\main\AndroidManifest.xml:44:17-69
	android:name
		ADDED from src\main\AndroidManifest.xml:44:25-66
action#android.intent.action.EDIT
ADDED from src\main\AndroidManifest.xml:45:17-69
	android:name
		ADDED from src\main\AndroidManifest.xml:45:25-66
action#android.intent.action.PICK
ADDED from src\main\AndroidManifest.xml:46:17-69
	android:name
		ADDED from src\main\AndroidManifest.xml:46:25-66
category#android.intent.category.DEFAULT
ADDED from src\main\AndroidManifest.xml:47:17-76
	android:name
		ADDED from src\main\AndroidManifest.xml:47:27-73
data
ADDED from src\main\AndroidManifest.xml:48:17-83
	android:mimeType
		ADDED from src\main\AndroidManifest.xml:48:23-80
intent-filter#android.intent.action.GET_CONTENT+android.intent.category.DEFAULT
ADDED from src\main\AndroidManifest.xml:50:13-54:29
action#android.intent.action.GET_CONTENT
ADDED from src\main\AndroidManifest.xml:51:17-76
	android:name
		ADDED from src\main\AndroidManifest.xml:51:25-73
activity#com.example.android.notepad.NoteEditor
ADDED from src\main\AndroidManifest.xml:57:9-84:20
	android:screenOrientation
		ADDED from src\main\AndroidManifest.xml:59:13-47
	android:configChanges
		ADDED from src\main\AndroidManifest.xml:60:13-63
	android:theme
		ADDED from src\main\AndroidManifest.xml:58:13-60
	android:name
		ADDED from src\main\AndroidManifest.xml:57:19-44
intent-filter#android.intent.action.EDIT+android.intent.action.VIEW+android.intent.category.DEFAULT+com.android.notepad.action.EDIT_NOTE
ADDED from src\main\AndroidManifest.xml:64:13-71:29
	android:label
		ADDED from src\main\AndroidManifest.xml:64:28-64
	tools:ignore
		ADDED from src\main\AndroidManifest.xml:65:17-47
action#com.android.notepad.action.EDIT_NOTE
ADDED from src\main\AndroidManifest.xml:68:17-79
	android:name
		ADDED from src\main\AndroidManifest.xml:68:25-76
intent-filter#android.intent.action.INSERT+android.intent.action.PASTE+android.intent.category.DEFAULT
ADDED from src\main\AndroidManifest.xml:77:13-82:29
action#android.intent.action.INSERT
ADDED from src\main\AndroidManifest.xml:78:17-71
	android:name
		ADDED from src\main\AndroidManifest.xml:78:25-68
action#android.intent.action.PASTE
ADDED from src\main\AndroidManifest.xml:79:17-70
	android:name
		ADDED from src\main\AndroidManifest.xml:79:25-67
activity#com.example.android.notepad.TitleEditor
ADDED from src\main\AndroidManifest.xml:86:9-111:20
	android:label
		ADDED from src\main\AndroidManifest.xml:87:13-53
	android:windowSoftInputMode
		ADDED from src\main\AndroidManifest.xml:90:13-55
	android:icon
		ADDED from src\main\AndroidManifest.xml:88:13-50
	android:theme
		ADDED from src\main\AndroidManifest.xml:89:13-61
	android:name
		ADDED from src\main\AndroidManifest.xml:86:19-45
intent-filter#android.intent.category.ALTERNATIVE+android.intent.category.DEFAULT+android.intent.category.SELECTED_ALTERNATIVE+com.android.notepad.action.EDIT_TITLE
ADDED from src\main\AndroidManifest.xml:95:13-110:29
	android:label
		ADDED from src\main\AndroidManifest.xml:95:28-65
action#com.android.notepad.action.EDIT_TITLE
ADDED from src\main\AndroidManifest.xml:99:17-80
	android:name
		ADDED from src\main\AndroidManifest.xml:99:25-77
category#android.intent.category.ALTERNATIVE
ADDED from src\main\AndroidManifest.xml:104:17-80
	android:name
		ADDED from src\main\AndroidManifest.xml:104:27-77
category#android.intent.category.SELECTED_ALTERNATIVE
ADDED from src\main\AndroidManifest.xml:107:17-89
	android:name
		ADDED from src\main\AndroidManifest.xml:107:27-86
activity#com.example.android.notepad.NotesLiveFolder
ADDED from src\main\AndroidManifest.xml:113:9-119:20
	android:label
		ADDED from src\main\AndroidManifest.xml:113:50-90
	android:icon
		ADDED from src\main\AndroidManifest.xml:114:13-55
	android:name
		ADDED from src\main\AndroidManifest.xml:113:19-49
intent-filter#android.intent.action.CREATE_LIVE_FOLDER+android.intent.category.DEFAULT
ADDED from src\main\AndroidManifest.xml:115:13-118:29
action#android.intent.action.CREATE_LIVE_FOLDER
ADDED from src\main\AndroidManifest.xml:116:17-83
	android:name
		ADDED from src\main\AndroidManifest.xml:116:25-80
activity#com.example.android.notepad.NoteSearch
ADDED from src\main\AndroidManifest.xml:121:9-131:20
	android:label
		ADDED from src\main\AndroidManifest.xml:121:45-71
	android:theme
		ADDED from src\main\AndroidManifest.xml:121:72-119
	android:name
		ADDED from src\main\AndroidManifest.xml:121:19-44
intent-filter#android.intent.action.NoteSearch+android.intent.action.SEARCH+android.intent.action.SEARCH_LONG_PRESS+android.intent.category.DEFAULT
ADDED from src\main\AndroidManifest.xml:122:13-130:29
action#android.intent.action.NoteSearch
ADDED from src\main\AndroidManifest.xml:123:17-75
	android:name
		ADDED from src\main\AndroidManifest.xml:123:25-72
action#android.intent.action.SEARCH
ADDED from src\main\AndroidManifest.xml:124:17-71
	android:name
		ADDED from src\main\AndroidManifest.xml:124:25-68
action#android.intent.action.SEARCH_LONG_PRESS
ADDED from src\main\AndroidManifest.xml:125:17-82
	android:name
		ADDED from src\main\AndroidManifest.xml:125:25-79
activity#com.example.android.notepad.NoteColor
ADDED from src\main\AndroidManifest.xml:134:9-137:57
	android:label
		ADDED from src\main\AndroidManifest.xml:136:13-40
	android:windowSoftInputMode
		ADDED from src\main\AndroidManifest.xml:137:13-55
	android:theme
		ADDED from src\main\AndroidManifest.xml:135:13-67
	android:name
		ADDED from src\main\AndroidManifest.xml:134:19-43
activity#com.example.android.notepad.OutputText
ADDED from src\main\AndroidManifest.xml:140:9-144:20
	android:label
		ADDED from src\main\AndroidManifest.xml:141:13-48
	android:windowSoftInputMode
		ADDED from src\main\AndroidManifest.xml:143:13-55
	android:theme
		ADDED from src\main\AndroidManifest.xml:142:13-61
	android:name
		ADDED from src\main\AndroidManifest.xml:140:19-44
uses-permission#android.permission.MOUNT_UNMOUNT_FILESYSTEMS
ADDED from src\main\AndroidManifest.xml:149:5-150:47
	tools:ignore
		ADDED from src\main\AndroidManifest.xml:150:9-44
	android:name
		ADDED from src\main\AndroidManifest.xml:149:22-81
uses-permission#android.permission.WRITE_EXTERNAL_STORAGE
ADDED from src\main\AndroidManifest.xml:152:5-80
	android:name
		ADDED from src\main\AndroidManifest.xml:152:22-78
uses-permisson
ADDED from src\main\AndroidManifest.xml:153:5-71
	android:name
		ADDED from src\main\AndroidManifest.xml:153:21-68